<?xml version="1.0" encoding="UTF-8"?>
<!-- Generated by org.testng.reporters.JUnitReportReporter -->
<testsuite hostname="Macs-Air.home" failures="0" tests="1" name="pack.UPStest.UpsShipTest" time="10.657" errors="0" timestamp="30 Apr 2020 11:38:52 GMT" skipped="0">
  <testcase classname="pack.UPStest.UpsShipTest" name="ShippingAccount" time="10.657"/>
</testsuite> <!-- pack.UPStest.UpsShipTest -->
